
The following have been reloaded with a version change:
  1) languages/anaconda3/2020.02-tflow-1.15 => languages/anaconda3/2020.02-tflow-2.2.0

2021-04-21 22:52:47.618912: I tensorflow/core/platform/cpu_feature_guard.cc:143] Your CPU supports instructions that this TensorFlow binary was not compiled to use: SSE4.1 SSE4.2 AVX AVX2 FMA
2021-04-21 22:52:47.630884: I tensorflow/core/platform/profile_utils/cpu_utils.cc:102] CPU Frequency: 2400050000 Hz
2021-04-21 22:52:47.632020: I tensorflow/compiler/xla/service/service.cc:168] XLA service 0x2ac996417050 initialized for platform Host (this does not guarantee that XLA will be used). Devices:
2021-04-21 22:52:47.632055: I tensorflow/compiler/xla/service/service.cc:176]   StreamExecutor device (0): Host, Default Version
2021-04-21 22:52:47.633626: I tensorflow/stream_executor/platform/default/dso_loader.cc:44] Successfully opened dynamic library libcuda.so.1
2021-04-21 22:52:48.736580: I tensorflow/core/common_runtime/gpu/gpu_device.cc:1561] Found device 0 with properties: 
pciBusID: 0000:86:00.0 name: Tesla P100-PCIE-16GB computeCapability: 6.0
coreClock: 1.3285GHz coreCount: 56 deviceMemorySize: 15.90GiB deviceMemoryBandwidth: 681.88GiB/s
2021-04-21 22:52:48.753389: I tensorflow/stream_executor/platform/default/dso_loader.cc:44] Successfully opened dynamic library libcudart.so.10.1
2021-04-21 22:52:49.028667: I tensorflow/stream_executor/platform/default/dso_loader.cc:44] Successfully opened dynamic library libcublas.so.10
2021-04-21 22:52:49.159397: I tensorflow/stream_executor/platform/default/dso_loader.cc:44] Successfully opened dynamic library libcufft.so.10
2021-04-21 22:52:49.300975: I tensorflow/stream_executor/platform/default/dso_loader.cc:44] Successfully opened dynamic library libcurand.so.10
2021-04-21 22:52:49.489764: I tensorflow/stream_executor/platform/default/dso_loader.cc:44] Successfully opened dynamic library libcusolver.so.10
2021-04-21 22:52:49.609330: I tensorflow/stream_executor/platform/default/dso_loader.cc:44] Successfully opened dynamic library libcusparse.so.10
2021-04-21 22:52:49.795299: I tensorflow/stream_executor/platform/default/dso_loader.cc:44] Successfully opened dynamic library libcudnn.so.7
2021-04-21 22:52:49.798961: I tensorflow/core/common_runtime/gpu/gpu_device.cc:1703] Adding visible gpu devices: 0
2021-04-21 22:52:49.799097: I tensorflow/stream_executor/platform/default/dso_loader.cc:44] Successfully opened dynamic library libcudart.so.10.1
2021-04-21 22:52:49.916393: I tensorflow/core/common_runtime/gpu/gpu_device.cc:1102] Device interconnect StreamExecutor with strength 1 edge matrix:
2021-04-21 22:52:49.916470: I tensorflow/core/common_runtime/gpu/gpu_device.cc:1108]      0 
2021-04-21 22:52:49.916506: I tensorflow/core/common_runtime/gpu/gpu_device.cc:1121] 0:   N 
2021-04-21 22:52:49.921315: I tensorflow/core/common_runtime/gpu/gpu_device.cc:1247] Created TensorFlow device (/device:GPU:0 with 15056 MB memory) -> physical GPU (device: 0, name: Tesla P100-PCIE-16GB, pci bus id: 0000:86:00.0, compute capability: 6.0)
2021-04-21 22:52:49.953169: I tensorflow/compiler/xla/service/service.cc:168] XLA service 0x2aca8fb4b060 initialized for platform CUDA (this does not guarantee that XLA will be used). Devices:
2021-04-21 22:52:49.953272: I tensorflow/compiler/xla/service/service.cc:176]   StreamExecutor device (0): Tesla P100-PCIE-16GB, Compute Capability 6.0
2021-04-21 22:52:49.955828: I tensorflow/core/common_runtime/gpu/gpu_device.cc:1561] Found device 0 with properties: 
pciBusID: 0000:86:00.0 name: Tesla P100-PCIE-16GB computeCapability: 6.0
coreClock: 1.3285GHz coreCount: 56 deviceMemorySize: 15.90GiB deviceMemoryBandwidth: 681.88GiB/s
2021-04-21 22:52:49.955936: I tensorflow/stream_executor/platform/default/dso_loader.cc:44] Successfully opened dynamic library libcudart.so.10.1
2021-04-21 22:52:49.955965: I tensorflow/stream_executor/platform/default/dso_loader.cc:44] Successfully opened dynamic library libcublas.so.10
2021-04-21 22:52:49.958549: I tensorflow/stream_executor/platform/default/dso_loader.cc:44] Successfully opened dynamic library libcufft.so.10
2021-04-21 22:52:49.958603: I tensorflow/stream_executor/platform/default/dso_loader.cc:44] Successfully opened dynamic library libcurand.so.10
2021-04-21 22:52:49.958643: I tensorflow/stream_executor/platform/default/dso_loader.cc:44] Successfully opened dynamic library libcusolver.so.10
2021-04-21 22:52:49.958666: I tensorflow/stream_executor/platform/default/dso_loader.cc:44] Successfully opened dynamic library libcusparse.so.10
2021-04-21 22:52:49.958695: I tensorflow/stream_executor/platform/default/dso_loader.cc:44] Successfully opened dynamic library libcudnn.so.7
2021-04-21 22:52:49.961510: I tensorflow/core/common_runtime/gpu/gpu_device.cc:1703] Adding visible gpu devices: 0
2021-04-21 22:52:49.961573: I tensorflow/core/common_runtime/gpu/gpu_device.cc:1102] Device interconnect StreamExecutor with strength 1 edge matrix:
2021-04-21 22:52:49.961592: I tensorflow/core/common_runtime/gpu/gpu_device.cc:1108]      0 
2021-04-21 22:52:49.961604: I tensorflow/core/common_runtime/gpu/gpu_device.cc:1121] 0:   N 
2021-04-21 22:52:49.965189: I tensorflow/core/common_runtime/gpu/gpu_device.cc:1247] Created TensorFlow device (/device:GPU:0 with 15056 MB memory) -> physical GPU (device: 0, name: Tesla P100-PCIE-16GB, pci bus id: 0000:86:00.0, compute capability: 6.0)
2021-04-21 22:52:49.969963: I tensorflow/core/common_runtime/gpu/gpu_device.cc:1561] Found device 0 with properties: 
pciBusID: 0000:86:00.0 name: Tesla P100-PCIE-16GB computeCapability: 6.0
coreClock: 1.3285GHz coreCount: 56 deviceMemorySize: 15.90GiB deviceMemoryBandwidth: 681.88GiB/s
2021-04-21 22:52:49.970065: I tensorflow/stream_executor/platform/default/dso_loader.cc:44] Successfully opened dynamic library libcudart.so.10.1
2021-04-21 22:52:49.970093: I tensorflow/stream_executor/platform/default/dso_loader.cc:44] Successfully opened dynamic library libcublas.so.10
2021-04-21 22:52:49.970117: I tensorflow/stream_executor/platform/default/dso_loader.cc:44] Successfully opened dynamic library libcufft.so.10
2021-04-21 22:52:49.970139: I tensorflow/stream_executor/platform/default/dso_loader.cc:44] Successfully opened dynamic library libcurand.so.10
2021-04-21 22:52:49.970179: I tensorflow/stream_executor/platform/default/dso_loader.cc:44] Successfully opened dynamic library libcusolver.so.10
2021-04-21 22:52:49.970220: I tensorflow/stream_executor/platform/default/dso_loader.cc:44] Successfully opened dynamic library libcusparse.so.10
2021-04-21 22:52:49.970245: I tensorflow/stream_executor/platform/default/dso_loader.cc:44] Successfully opened dynamic library libcudnn.so.7
2021-04-21 22:52:49.972740: I tensorflow/core/common_runtime/gpu/gpu_device.cc:1703] Adding visible gpu devices: 0
2021-04-21 22:52:49.974748: I tensorflow/core/common_runtime/gpu/gpu_device.cc:1561] Found device 0 with properties: 
pciBusID: 0000:86:00.0 name: Tesla P100-PCIE-16GB computeCapability: 6.0
coreClock: 1.3285GHz coreCount: 56 deviceMemorySize: 15.90GiB deviceMemoryBandwidth: 681.88GiB/s
2021-04-21 22:52:49.974807: I tensorflow/stream_executor/platform/default/dso_loader.cc:44] Successfully opened dynamic library libcudart.so.10.1
2021-04-21 22:52:49.974832: I tensorflow/stream_executor/platform/default/dso_loader.cc:44] Successfully opened dynamic library libcublas.so.10
2021-04-21 22:52:49.974855: I tensorflow/stream_executor/platform/default/dso_loader.cc:44] Successfully opened dynamic library libcufft.so.10
2021-04-21 22:52:49.974876: I tensorflow/stream_executor/platform/default/dso_loader.cc:44] Successfully opened dynamic library libcurand.so.10
2021-04-21 22:52:49.974898: I tensorflow/stream_executor/platform/default/dso_loader.cc:44] Successfully opened dynamic library libcusolver.so.10
2021-04-21 22:52:49.974920: I tensorflow/stream_executor/platform/default/dso_loader.cc:44] Successfully opened dynamic library libcusparse.so.10
2021-04-21 22:52:49.974942: I tensorflow/stream_executor/platform/default/dso_loader.cc:44] Successfully opened dynamic library libcudnn.so.7
2021-04-21 22:52:49.977114: I tensorflow/core/common_runtime/gpu/gpu_device.cc:1703] Adding visible gpu devices: 0
2021-04-21 22:52:49.977161: I tensorflow/core/common_runtime/gpu/gpu_device.cc:1102] Device interconnect StreamExecutor with strength 1 edge matrix:
2021-04-21 22:52:49.977176: I tensorflow/core/common_runtime/gpu/gpu_device.cc:1108]      0 
2021-04-21 22:52:49.977186: I tensorflow/core/common_runtime/gpu/gpu_device.cc:1121] 0:   N 
2021-04-21 22:52:49.980066: I tensorflow/core/common_runtime/gpu/gpu_device.cc:1247] Created TensorFlow device (/job:localhost/replica:0/task:0/device:GPU:0 with 15056 MB memory) -> physical GPU (device: 0, name: Tesla P100-PCIE-16GB, pci bus id: 0000:86:00.0, compute capability: 6.0)
2021-04-21 22:52:56.826917: I tensorflow/core/profiler/lib/profiler_session.cc:159] Profiler session started.
2021-04-21 22:52:56.828407: I tensorflow/core/profiler/internal/gpu/cupti_tracer.cc:1363] Profiler found 1 GPUs
2021-04-21 22:52:56.872197: I tensorflow/stream_executor/platform/default/dso_loader.cc:44] Successfully opened dynamic library libcupti.so.10.1
2021-04-21 22:52:57.027286: I tensorflow/core/profiler/internal/gpu/cupti_tracer.cc:1479] CUPTI activity buffer flushed
2021-04-21 22:52:59.767784: I tensorflow/stream_executor/platform/default/dso_loader.cc:44] Successfully opened dynamic library libcudnn.so.7
2021-04-21 22:53:04.157156: I tensorflow/stream_executor/platform/default/dso_loader.cc:44] Successfully opened dynamic library libcublas.so.10
2021-04-21 22:53:05.072884: I tensorflow/core/profiler/lib/profiler_session.cc:159] Profiler session started.
2021-04-21 22:53:05.113457: I tensorflow/core/profiler/internal/gpu/cupti_tracer.cc:1479] CUPTI activity buffer flushed
2021-04-21 22:53:05.124609: I tensorflow/core/profiler/internal/gpu/device_tracer.cc:216]  GpuTracer has collected 459 callback api events and 459 activity events.
2021-04-21 22:53:05.169298: I tensorflow/core/profiler/rpc/client/save_profile.cc:168] Creating directory: logs/20210421-225256/train/plugins/profile/2021_04_21_22_53_05
2021-04-21 22:53:05.193853: I tensorflow/core/profiler/rpc/client/save_profile.cc:174] Dumped gzipped tool data for trace.json.gz to logs/20210421-225256/train/plugins/profile/2021_04_21_22_53_05/gpu19.bc4.acrc.priv.trace.json.gz
2021-04-21 22:53:05.207037: I tensorflow/core/profiler/utils/event_span.cc:288] Generation of step-events took 0.196 ms

2021-04-21 22:53:05.215592: I tensorflow/python/profiler/internal/profiler_wrapper.cc:87] Creating directory: logs/20210421-225256/train/plugins/profile/2021_04_21_22_53_05Dumped tool data for overview_page.pb to logs/20210421-225256/train/plugins/profile/2021_04_21_22_53_05/gpu19.bc4.acrc.priv.overview_page.pb
Dumped tool data for input_pipeline.pb to logs/20210421-225256/train/plugins/profile/2021_04_21_22_53_05/gpu19.bc4.acrc.priv.input_pipeline.pb
Dumped tool data for tensorflow_stats.pb to logs/20210421-225256/train/plugins/profile/2021_04_21_22_53_05/gpu19.bc4.acrc.priv.tensorflow_stats.pb
Dumped tool data for kernel_stats.pb to logs/20210421-225256/train/plugins/profile/2021_04_21_22_53_05/gpu19.bc4.acrc.priv.kernel_stats.pb

Found GPU at: /device:GPU:0
['/mnt/storage/scratch/csprh/code/AudioDenoiser/records/train_3.tfrecords', '/mnt/storage/scratch/csprh/code/AudioDenoiser/records/train_2.tfrecords', '/mnt/storage/scratch/csprh/code/AudioDenoiser/records/train_1.tfrecords', '/mnt/storage/scratch/csprh/code/AudioDenoiser/records/train_7.tfrecords', '/mnt/storage/scratch/csprh/code/AudioDenoiser/records/train_4.tfrecords', '/mnt/storage/scratch/csprh/code/AudioDenoiser/records/train_0.tfrecords', '/mnt/storage/scratch/csprh/code/AudioDenoiser/records/train_5.tfrecords', '/mnt/storage/scratch/csprh/code/AudioDenoiser/records/train_6.tfrecords']
windowLength: 256
overlap: 64
ffTLength: 256
inputFs: 48000.0
fs: 16000.0
numFeatures: 129
numSegments: 8
Model: "model"
__________________________________________________________________________________________________
Layer (type)                    Output Shape         Param #     Connected to                     
==================================================================================================
input_1 (InputLayer)            [(None, 129, 8, 1)]  0                                            
__________________________________________________________________________________________________
zero_padding2d (ZeroPadding2D)  (None, 137, 8, 1)    0           input_1[0][0]                    
__________________________________________________________________________________________________
conv2d (Conv2D)                 (None, 129, 1, 18)   1296        zero_padding2d[0][0]             
__________________________________________________________________________________________________
activation (Activation)         (None, 129, 1, 18)   0           conv2d[0][0]                     
__________________________________________________________________________________________________
batch_normalization (BatchNorma (None, 129, 1, 18)   72          activation[0][0]                 
__________________________________________________________________________________________________
conv2d_1 (Conv2D)               (None, 129, 1, 30)   2700        batch_normalization[0][0]        
__________________________________________________________________________________________________
activation_1 (Activation)       (None, 129, 1, 30)   0           conv2d_1[0][0]                   
__________________________________________________________________________________________________
batch_normalization_1 (BatchNor (None, 129, 1, 30)   120         activation_1[0][0]               
__________________________________________________________________________________________________
conv2d_2 (Conv2D)               (None, 129, 1, 8)    2160        batch_normalization_1[0][0]      
__________________________________________________________________________________________________
activation_2 (Activation)       (None, 129, 1, 8)    0           conv2d_2[0][0]                   
__________________________________________________________________________________________________
batch_normalization_2 (BatchNor (None, 129, 1, 8)    32          activation_2[0][0]               
__________________________________________________________________________________________________
conv2d_3 (Conv2D)               (None, 129, 1, 18)   1296        batch_normalization_2[0][0]      
__________________________________________________________________________________________________
activation_3 (Activation)       (None, 129, 1, 18)   0           conv2d_3[0][0]                   
__________________________________________________________________________________________________
batch_normalization_3 (BatchNor (None, 129, 1, 18)   72          activation_3[0][0]               
__________________________________________________________________________________________________
conv2d_4 (Conv2D)               (None, 129, 1, 30)   2700        batch_normalization_3[0][0]      
__________________________________________________________________________________________________
activation_4 (Activation)       (None, 129, 1, 30)   0           conv2d_4[0][0]                   
__________________________________________________________________________________________________
batch_normalization_4 (BatchNor (None, 129, 1, 30)   120         activation_4[0][0]               
__________________________________________________________________________________________________
conv2d_5 (Conv2D)               (None, 129, 1, 8)    2160        batch_normalization_4[0][0]      
__________________________________________________________________________________________________
activation_5 (Activation)       (None, 129, 1, 8)    0           conv2d_5[0][0]                   
__________________________________________________________________________________________________
batch_normalization_5 (BatchNor (None, 129, 1, 8)    32          activation_5[0][0]               
__________________________________________________________________________________________________
conv2d_6 (Conv2D)               (None, 129, 1, 18)   1296        batch_normalization_5[0][0]      
__________________________________________________________________________________________________
activation_6 (Activation)       (None, 129, 1, 18)   0           conv2d_6[0][0]                   
__________________________________________________________________________________________________
batch_normalization_6 (BatchNor (None, 129, 1, 18)   72          activation_6[0][0]               
__________________________________________________________________________________________________
conv2d_7 (Conv2D)               (None, 129, 1, 30)   2700        batch_normalization_6[0][0]      
__________________________________________________________________________________________________
activation_7 (Activation)       (None, 129, 1, 30)   0           conv2d_7[0][0]                   
__________________________________________________________________________________________________
batch_normalization_7 (BatchNor (None, 129, 1, 30)   120         activation_7[0][0]               
__________________________________________________________________________________________________
conv2d_8 (Conv2D)               (None, 129, 1, 8)    2160        batch_normalization_7[0][0]      
__________________________________________________________________________________________________
activation_8 (Activation)       (None, 129, 1, 8)    0           conv2d_8[0][0]                   
__________________________________________________________________________________________________
batch_normalization_8 (BatchNor (None, 129, 1, 8)    32          activation_8[0][0]               
__________________________________________________________________________________________________
conv2d_9 (Conv2D)               (None, 129, 1, 18)   1296        batch_normalization_8[0][0]      
__________________________________________________________________________________________________
activation_9 (Activation)       (None, 129, 1, 18)   0           conv2d_9[0][0]                   
__________________________________________________________________________________________________
batch_normalization_9 (BatchNor (None, 129, 1, 18)   72          activation_9[0][0]               
__________________________________________________________________________________________________
conv2d_10 (Conv2D)              (None, 129, 1, 30)   2700        batch_normalization_9[0][0]      
__________________________________________________________________________________________________
tf_op_layer_AddV2 (TensorFlowOp [(None, 129, 1, 30)] 0           conv2d_10[0][0]                  
                                                                 conv2d_4[0][0]                   
__________________________________________________________________________________________________
activation_10 (Activation)      (None, 129, 1, 30)   0           tf_op_layer_AddV2[0][0]          
__________________________________________________________________________________________________
batch_normalization_10 (BatchNo (None, 129, 1, 30)   120         activation_10[0][0]              
__________________________________________________________________________________________________
conv2d_11 (Conv2D)              (None, 129, 1, 8)    2160        batch_normalization_10[0][0]     
__________________________________________________________________________________________________
activation_11 (Activation)      (None, 129, 1, 8)    0           conv2d_11[0][0]                  
__________________________________________________________________________________________________
batch_normalization_11 (BatchNo (None, 129, 1, 8)    32          activation_11[0][0]              
__________________________________________________________________________________________________
conv2d_12 (Conv2D)              (None, 129, 1, 18)   1296        batch_normalization_11[0][0]     
__________________________________________________________________________________________________
activation_12 (Activation)      (None, 129, 1, 18)   0           conv2d_12[0][0]                  
__________________________________________________________________________________________________
batch_normalization_12 (BatchNo (None, 129, 1, 18)   72          activation_12[0][0]              
__________________________________________________________________________________________________
conv2d_13 (Conv2D)              (None, 129, 1, 30)   2700        batch_normalization_12[0][0]     
__________________________________________________________________________________________________
tf_op_layer_AddV2_1 (TensorFlow [(None, 129, 1, 30)] 0           conv2d_13[0][0]                  
                                                                 conv2d_1[0][0]                   
__________________________________________________________________________________________________
activation_13 (Activation)      (None, 129, 1, 30)   0           tf_op_layer_AddV2_1[0][0]        
__________________________________________________________________________________________________
batch_normalization_13 (BatchNo (None, 129, 1, 30)   120         activation_13[0][0]              
__________________________________________________________________________________________________
conv2d_14 (Conv2D)              (None, 129, 1, 8)    2160        batch_normalization_13[0][0]     
__________________________________________________________________________________________________
activation_14 (Activation)      (None, 129, 1, 8)    0           conv2d_14[0][0]                  
__________________________________________________________________________________________________
batch_normalization_14 (BatchNo (None, 129, 1, 8)    32          activation_14[0][0]              
__________________________________________________________________________________________________
spatial_dropout2d (SpatialDropo (None, 129, 1, 8)    0           batch_normalization_14[0][0]     
__________________________________________________________________________________________________
conv2d_15 (Conv2D)              (None, 129, 1, 1)    1033        spatial_dropout2d[0][0]          
==================================================================================================
Total params: 32,933
Trainable params: 32,373
Non-trainable params: 560
__________________________________________________________________________________________________
Epoch 1/9999
600/600 - 28s - loss: 0.3887 - rmse: 0.6235 - val_loss: 0.2673 - val_rmse: 0.5170
Epoch 2/9999
600/600 - 28s - loss: 0.2382 - rmse: 0.4880 - val_loss: 0.2241 - val_rmse: 0.4734
Epoch 3/9999
600/600 - 29s - loss: 0.2164 - rmse: 0.4652 - val_loss: 0.2077 - val_rmse: 0.4558
